{
  "RSpec": {
    "coverage": {
      "/Users/shirleydecesari/turing/1module/projects/enigma/spec/enigma_spec.rb": {
        "lines": [
          1,
          1,
          1,
          null,
          1,
          5,
          null,
          1,
          1,
          null,
          null,
          1,
          1,
          1,
          null,
          null,
          1,
          null,
          1,
          null,
          null,
          null,
          null,
          1,
          1,
          null,
          null,
          1,
          null,
          1,
          null,
          null,
          null,
          null,
          1,
          1,
          null,
          null,
          null
        ]
      },
      "/Users/shirleydecesari/turing/1module/projects/enigma/lib/enigma.rb": {
        "lines": [
          1,
          1,
          1,
          4,
          4,
          null,
          null,
          1,
          null,
          null,
          2,
          2,
          2,
          2,
          2,
          2,
          2,
          2,
          22,
          6,
          6,
          16,
          6,
          6,
          10,
          6,
          6,
          4,
          4,
          4,
          null,
          22,
          null,
          null,
          2,
          null,
          null,
          null,
          null,
          null,
          1,
          2,
          2,
          2,
          2,
          2,
          2,
          2,
          2,
          2,
          2,
          22,
          6,
          6,
          16,
          6,
          6,
          10,
          6,
          6,
          4,
          4,
          4,
          null,
          22,
          null,
          null,
          2,
          null,
          null,
          null,
          null,
          null,
          null
        ]
      },
      "/Users/shirleydecesari/turing/1module/projects/enigma/lib/generator.rb": {
        "lines": [
          1,
          1,
          1,
          12,
          null,
          null,
          1,
          4,
          null,
          null,
          1,
          null,
          21,
          null,
          null,
          null,
          null,
          null,
          null,
          1,
          2,
          null,
          null,
          1,
          21,
          21,
          21,
          null,
          21,
          null,
          null,
          null,
          null,
          null,
          null,
          1,
          18,
          18,
          null,
          18,
          null,
          null,
          null,
          null,
          null,
          null,
          1,
          20,
          20,
          null,
          null,
          null
        ]
      },
      "/Users/shirleydecesari/turing/1module/projects/enigma/spec/generator_spec.rb": {
        "lines": [
          1,
          1,
          null,
          1,
          9,
          null,
          1,
          1,
          null,
          null,
          1,
          1,
          1,
          null,
          null,
          1,
          1,
          1,
          null,
          null,
          1,
          1,
          1,
          1,
          null,
          null,
          1,
          1,
          1,
          1,
          null,
          null,
          1,
          1,
          1,
          1,
          null,
          null,
          1,
          1,
          1,
          null,
          null,
          1,
          1,
          1,
          1,
          1,
          null,
          null,
          null
        ]
      }
    },
    "timestamp": 1655156205
  }
}
